BookFindersVirtualLibrary/Library/Bee/Android/Prj/IL2CPP/Gradle/unityLibrary/FirebaseApp.androidlib/build/outputs/logs/manifest-merger-release-report.txt
-- Merging decision tree log ---
manifest
ADDED from unityLibrary/FirebaseApp.androidlib/AndroidManifest.xml:2:1-6:12
INJECTED from unityLibrary/FirebaseApp.androidlib/AndroidManifest.xml:2:1-6:12
INJECTED from unityLibrary/FirebaseApp.androidlib/AndroidManifest.xml:2:1-6:12
	package
		ADDED from unityLibrary/FirebaseApp.androidlib/AndroidManifest.xml:3:11-50
		INJECTED from unityLibrary/FirebaseApp.androidlib/AndroidManifest.xml
		INJECTED from unityLibrary/FirebaseApp.androidlib/AndroidManifest.xml
	android:versionName
		ADDED from unityLibrary/FirebaseApp.androidlib/AndroidManifest.xml:5:11-36
	xmlns:android
		ADDED from unityLibrary/FirebaseApp.androidlib/AndroidManifest.xml:2:11-69
	android:versionCode
		ADDED from unityLibrary/FirebaseApp.androidlib/AndroidManifest.xml:4:11-34
uses-sdk
INJECTED from unityLibrary/FirebaseApp.androidlib/AndroidManifest.xml reason: use-sdk injection requested
INJECTED from unityLibrary/FirebaseApp.androidlib/AndroidManifest.xml
INJECTED from unityLibrary/FirebaseApp.androidlib/AndroidManifest.xml
INJECTED from unityLibrary/FirebaseApp.androidlib/AndroidManifest.xml
INJECTED from unityLibrary/FirebaseApp.androidlib/AndroidManifest.xml
	android:targetSdkVersion
		INJECTED from unityLibrary/FirebaseApp.androidlib/AndroidManifest.xml
		ADDED from unityLibrary/FirebaseApp.androidlib/AndroidManifest.xml
		INJECTED from unityLibrary/FirebaseApp.androidlib/AndroidManifest.xml
	android:minSdkVersion
		INJECTED from unityLibrary/FirebaseApp.androidlib/AndroidManifest.xml
		ADDED from unityLibrary/FirebaseApp.androidlib/AndroidManifest.xml
		INJECTED from unityLibrary/FirebaseApp.androidlib/AndroidManifest.xml